
ASEM-51 V1.3                                         Copyright (c) 2002 by W.W. Heinz                                         PAGE 1





       MCS-51 Family Macro Assembler   A S E M - 5 1   V 1.3
       =====================================================



	Source File:	C:\Users\Chaitanya\Desktop\8051uC\8051uC\Textbook\UNIT 2\SquareWaveGen.asm
	Object File:	C:\Users\Chaitanya\Desktop\8051uC\8051uC\Textbook\UNIT 2\SquareWaveGen.hex
	List File:	C:\Users\Chaitanya\Desktop\8051uC\8051uC\Textbook\UNIT 2\SquareWaveGen.lst



 Line  I  Addr  Code            Source

    1:		N      0000	ORG 0000H
    2:	  0000	02 01 00	LJMP MAIN
    3:		N      001B	ORG 001BH
    4:	  001B	B2 95		CPL P1.5
    5:	  001D	C2 8E		CLR TR1
    6:	  001F	89 8B		MOV TL1,R1
    7:	  0021	8B 00		MOV 00,R3
    8:	  0023	AB 01		MOV R3,01
    9:	  0025	A9 00		MOV R1,00
   10:	  0027	8A 8D		MOV TH1,R2
   11:	  0029	8C 00		MOV 00,R4
   12:	  002B	AC 02		MOV R4,02
   13:	  002D	AA 00		MOV R2,00
   14:	  002F	D2 8E		SETB TR1
   15:	  0031	C2 8F		CLR TF1
   16:	  0033	32		RETI
   17:		N      0100	ORG 0100H
   18:	  0100	D2 95		MAIN: SETB P1.5
   19:	  0102	75 A8 88		MOV IE,#88H
   20:	  0105	75 89 10		MOV TMOD,#10H
   21:	  0108	79 83			MOV R1,#83H
   22:	  010A	7A FF			MOV R2,#0FFH
   23:	  010C	7B 89			MOV R3,#89H
   24:	  010E	7C FE			MOV R4,#0FEH
   25:	  0110	8C 8D			MOV TH1,R4
   26:	  0112	8B 8B			MOV TL1,R3
   27:	  0114	D2 8E			SETB TR1
   28:	  0116	80 FE		HERE: SJMP HERE
   29:				END





                     register banks used:  ---

                     no errors




ASEM-51 V1.3                                         Copyright (c) 2002 by W.W. Heinz                                         PAGE 2





	       L I S T   O F   S Y M B O L S
	       =============================


SYMBOL				  TYPE     VALUE	LINE
------------------------------------------------------------
??ASEM_51			  NUMBER    8051
??VERSION			  NUMBER    0130
AC				  BIT	      D6
ACC				  DATA	      E0
B				  DATA	      F0
CY				  BIT	      D7
DPH				  DATA	      83
DPL				  DATA	      82
EA				  BIT	      AF
ES				  BIT	      AC
ET0				  BIT	      A9
ET1				  BIT	      AB
EX0				  BIT	      A8
EX1				  BIT	      AA
EXTI0				  CODE	    0003
EXTI1				  CODE	    0013
F0				  BIT	      D5
HERE				  CODE	    0116	  28
IE				  DATA	      A8
IE0				  BIT	      89
IE1				  BIT	      8B
INT0				  BIT	      B2
INT1				  BIT	      B3
IP				  DATA	      B8
IT0				  BIT	      88
IT1				  BIT	      8A
MAIN				  CODE	    0100	  18
OV				  BIT	      D2
P				  BIT	      D0
P0				  DATA	      80
P1				  DATA	      90
P2				  DATA	      A0
P3				  DATA	      B0
PCON				  DATA	      87
PS				  BIT	      BC
PSW				  DATA	      D0
PT0				  BIT	      B9
PT1				  BIT	      BB
PX0				  BIT	      B8
PX1				  BIT	      BA
RB8				  BIT	      9A
RD				  BIT	      B7
REN				  BIT	      9C
RESET				  CODE	    0000
RI				  BIT	      98
RS0				  BIT	      D3
RS1				  BIT	      D4
RXD				  BIT	      B0
SBUF				  DATA	      99
SCON				  DATA	      98

ASEM-51 V1.3                                         Copyright (c) 2002 by W.W. Heinz                                         PAGE 3



SYMBOL				  TYPE     VALUE	LINE
------------------------------------------------------------
SINT				  CODE	    0023
SM0				  BIT	      9F
SM1				  BIT	      9E
SM2				  BIT	      9D
SP				  DATA	      81
T0				  BIT	      B4
T1				  BIT	      B5
TB8				  BIT	      9B
TCON				  DATA	      88
TF0				  BIT	      8D
TF1				  BIT	      8F
TH0				  DATA	      8C
TH1				  DATA	      8D
TI				  BIT	      99
TIMER0				  CODE	    000B
TIMER1				  CODE	    001B
TL0				  DATA	      8A
TL1				  DATA	      8B
TMOD				  DATA	      89
TR0				  BIT	      8C
TR1				  BIT	      8E
TXD				  BIT	      B1
WR				  BIT	      B6
